2023-11-22 10:22:04.976 [info] Added views:workbench.panel.markers.view in workbench.panel.markers
2023-11-22 10:22:04.976 [info] Added views:workbench.panel.output in workbench.panel.output
2023-11-22 10:22:04.976 [info] Added views:terminal in terminal
2023-11-22 10:22:04.976 [info] Added views:outline in workbench.view.explorer
2023-11-22 10:22:04.976 [info] Added views:workbench.scm in workbench.view.scm
2023-11-22 10:22:04.976 [info] Added views:workbench.view.search in workbench.view.search
2023-11-22 10:22:04.976 [info] Added views:timeline in workbench.view.explorer
2023-11-22 10:22:04.976 [info] Added views:workbench.explorer.emptyView in workbench.view.explorer
2023-11-22 10:22:05.322 [info] Added views:workbench.debug.variablesView,workbench.debug.watchExpressionsView,workbench.debug.callStackView,workbench.debug.breakPointsView in workbench.view.debug
2023-11-22 10:22:05.511 [info] Added views:~remote.forwardedPorts in ~remote.forwardedPortsContainer
2023-11-22 10:22:05.636 [info] Added views:workbench.panel.repl.view in workbench.panel.repl
2023-11-22 10:22:05.637 [info] Removed views:workbench.debug.breakPointsView,workbench.debug.callStackView,workbench.debug.watchExpressionsView,workbench.debug.variablesView from workbench.view.debug
2023-11-22 10:22:05.638 [info] Added views:workbench.debug.welcome in workbench.view.debug
2023-11-22 10:22:13.349 [info] Added views:workbench.views.extensions.installed,workbench.views.extensions.popular,extensions.recommendedList in workbench.view.extensions
2023-11-22 10:22:13.351 [info] Removed views:workbench.views.extensions.popular from workbench.view.extensions
2023-11-22 10:22:13.525 [info] Added views:workbench.views.extensions.popular in workbench.view.extensions
2023-11-22 10:22:16.492 [info] Removed views:extensions.recommendedList,workbench.views.extensions.popular,workbench.views.extensions.installed from workbench.view.extensions
2023-11-22 10:22:16.503 [info] Added views:workbench.views.extensions.marketplace in workbench.view.extensions
2023-11-22 10:23:16.110 [info] Added views:workbench.panel.markers.view in workbench.panel.markers
2023-11-22 10:23:16.110 [info] Added views:workbench.panel.output in workbench.panel.output
2023-11-22 10:23:16.110 [info] Added views:terminal in terminal
2023-11-22 10:23:16.110 [info] Added views:outline in workbench.view.explorer
2023-11-22 10:23:16.110 [info] Added views:workbench.scm in workbench.view.scm
2023-11-22 10:23:16.110 [info] Added views:workbench.view.search in workbench.view.search
2023-11-22 10:23:16.110 [info] Added views:timeline in workbench.view.explorer
2023-11-22 10:23:16.110 [info] Added views:workbench.explorer.fileView in workbench.view.explorer
2023-11-22 10:23:16.230 [info] Added views:workbench.debug.variablesView,workbench.debug.watchExpressionsView,workbench.debug.callStackView,workbench.debug.breakPointsView in workbench.view.debug
2023-11-22 10:23:16.412 [info] Added views:~remote.forwardedPorts in ~remote.forwardedPortsContainer
2023-11-22 10:23:16.581 [info] Added views:workbench.panel.repl.view in workbench.panel.repl
2023-11-22 10:23:16.582 [info] Removed views:workbench.debug.breakPointsView,workbench.debug.callStackView,workbench.debug.watchExpressionsView,workbench.debug.variablesView from workbench.view.debug
2023-11-22 10:23:16.583 [info] Added views:workbench.debug.welcome in workbench.view.debug
2023-11-22 10:23:58.068 [info] Added views:workbench.views.extensions.installed,workbench.views.extensions.popular,extensions.recommendedList in workbench.view.extensions
2023-11-22 10:23:58.072 [info] Removed views:workbench.views.extensions.popular from workbench.view.extensions
2023-11-22 10:23:58.234 [info] Added views:workbench.views.extensions.popular in workbench.view.extensions
2023-11-22 10:24:00.165 [info] Removed views:extensions.recommendedList,workbench.views.extensions.popular,workbench.views.extensions.installed from workbench.view.extensions
2023-11-22 10:24:00.174 [info] Added views:workbench.views.extensions.marketplace in workbench.view.extensions
2023-11-22 10:24:01.966 [info] Removed views:workbench.views.extensions.marketplace from workbench.view.extensions
2023-11-22 10:24:01.976 [info] Added views:workbench.views.extensions.installed,workbench.views.extensions.popular,extensions.recommendedList in workbench.view.extensions
2023-11-22 10:24:03.652 [info] Removed views:extensions.recommendedList,workbench.views.extensions.popular,workbench.views.extensions.installed from workbench.view.extensions
2023-11-22 10:24:03.663 [info] Added views:workbench.views.extensions.marketplace in workbench.view.extensions
